<?xml version="1.0" encoding="UTF-8"?>
<!-- Generated by org.testng.reporters.JUnitXMLReporter -->
<testsuite ignored="2" hostname="DESKTOP-7QJBVRE" failures="0" tests="2" name="Test" time="24.086" errors="0" timestamp="2023-06-01T12:32:32 IST">
  <testcase classname="script.InvalidLogin" name="testInvalidLogin" time="3.198"/>
  <testcase classname="script.ValidLogin" name="testValidLogin" time="3.954"/>
  <testcase classname="generic.BaseTest" name="@AfterSuite generateReport" time="0.0">
    <ignored/>
  </testcase> <!-- @AfterSuite generateReport -->
  <testcase classname="generic.BaseTest" name="@BeforeSuite intReport" time="0.0">
    <ignored/>
  </testcase> <!-- @BeforeSuite intReport -->
</testsuite> <!-- Test -->
