<?xml version="1.0" encoding="UTF-8"?>
<testng-results ignored="0" total="2" passed="2" failed="0" skipped="0">
  <reporter-output>
    <line>
      <![CDATA[Err Msg is Displayed]]>
    </line>
    <line>
      <![CDATA[Err Msg is Displayed]]>
    </line>
  </reporter-output>
  <suite started-at="2023-06-21T13:06:30 IST" name="Default suite" finished-at="2023-06-21T13:07:19 IST" duration-ms="49602">
    <groups>
    </groups>
    <test started-at="2023-06-21T13:06:30 IST" name="Default test" finished-at="2023-06-21T13:07:19 IST" duration-ms="49602">
      <class name="script.invalidLogin2">
        <test-method is-config="true" signature="intReport(java.lang.String)[pri:0, instance:script.invalidLogin2@3590fc5b]" started-at="2023-06-21T13:06:29 IST" name="intReport" finished-at="2023-06-21T13:06:30 IST" duration-ms="716" status="PASS">
          <params>
            <param index="0">
              <value>
                <![CDATA[report/Spark.html]]>
              </value>
            </param>
          </params>
          <reporter-output>
          </reporter-output>
        </test-method> <!-- intReport -->
        <test-method is-config="true" signature="preCondition(java.lang.String,java.lang.String,java.lang.String,java.lang.reflect.Method)[pri:0, instance:script.invalidLogin2@3590fc5b]" started-at="2023-06-21T13:06:30 IST" name="preCondition" finished-at="2023-06-21T13:06:54 IST" duration-ms="24457" status="PASS">
          <params>
            <param index="0">
              <value>
                <![CDATA[https://demo.actitime.com/login.do]]>
              </value>
            </param>
            <param index="1">
              <value>
                <![CDATA[no]]>
              </value>
            </param>
            <param index="2">
              <value>
                <![CDATA[prod.properties]]>
              </value>
            </param>
            <param index="3">
              <value>
                <![CDATA[public void script.invalidLogin2.testInvalidLogin(java.lang.String,java.lang.String)]]>
              </value>
            </param>
          </params>
          <reporter-output>
          </reporter-output>
        </test-method> <!-- preCondition -->
        <test-method signature="testInvalidLogin(java.lang.String,java.lang.String)[pri:3, instance:script.invalidLogin2@3590fc5b]" started-at="2023-06-21T13:06:54 IST" name="testInvalidLogin" data-provider="getData" finished-at="2023-06-21T13:06:58 IST" duration-ms="3328" status="PASS">
          <params>
            <param index="0">
              <value>
                <![CDATA[abcd123]]>
              </value>
            </param>
            <param index="1">
              <value>
                <![CDATA[xyz456]]>
              </value>
            </param>
          </params>
          <reporter-output>
            <line>
              <![CDATA[Err Msg is Displayed]]>
            </line>
          </reporter-output>
        </test-method> <!-- testInvalidLogin -->
        <test-method is-config="true" signature="postCondition(org.testng.ITestResult)[pri:0, instance:script.invalidLogin2@3590fc5b]" started-at="2023-06-21T13:06:58 IST" name="postCondition" finished-at="2023-06-21T13:07:00 IST" duration-ms="2608" status="PASS">
          <params>
            <param index="0">
              <value>
                <![CDATA[[TestResult name=testInvalidLogin status=SUCCESS method=invalidLogin2.testInvalidLogin(java.lang.String,java.lang.String)[pri:3, instance:script.invalidLogin2@3590fc5b] output=Err Msg is Displayed]]]>
              </value>
            </param>
          </params>
          <reporter-output>
          </reporter-output>
        </test-method> <!-- postCondition -->
        <test-method is-config="true" signature="preCondition(java.lang.String,java.lang.String,java.lang.String,java.lang.reflect.Method)[pri:0, instance:script.invalidLogin2@3590fc5b]" started-at="2023-06-21T13:07:00 IST" name="preCondition" finished-at="2023-06-21T13:07:14 IST" duration-ms="13882" status="PASS">
          <params>
            <param index="0">
              <value>
                <![CDATA[https://demo.actitime.com/login.do]]>
              </value>
            </param>
            <param index="1">
              <value>
                <![CDATA[no]]>
              </value>
            </param>
            <param index="2">
              <value>
                <![CDATA[prod.properties]]>
              </value>
            </param>
            <param index="3">
              <value>
                <![CDATA[public void script.invalidLogin2.testInvalidLogin(java.lang.String,java.lang.String)]]>
              </value>
            </param>
          </params>
          <reporter-output>
          </reporter-output>
        </test-method> <!-- preCondition -->
        <test-method signature="testInvalidLogin(java.lang.String,java.lang.String)[pri:3, instance:script.invalidLogin2@3590fc5b]" started-at="2023-06-21T13:07:14 IST" name="testInvalidLogin" data-provider="getData" finished-at="2023-06-21T13:07:16 IST" duration-ms="2454" status="PASS">
          <params>
            <param index="0">
              <value>
                <![CDATA[admin]]>
              </value>
            </param>
            <param index="1">
              <value>
                <![CDATA[damager]]>
              </value>
            </param>
          </params>
          <reporter-output>
            <line>
              <![CDATA[Err Msg is Displayed]]>
            </line>
          </reporter-output>
        </test-method> <!-- testInvalidLogin -->
        <test-method is-config="true" signature="postCondition(org.testng.ITestResult)[pri:0, instance:script.invalidLogin2@3590fc5b]" started-at="2023-06-21T13:07:16 IST" name="postCondition" finished-at="2023-06-21T13:07:19 IST" duration-ms="2756" status="PASS">
          <params>
            <param index="0">
              <value>
                <![CDATA[[TestResult name=testInvalidLogin status=SUCCESS method=invalidLogin2.testInvalidLogin(java.lang.String,java.lang.String)[pri:3, instance:script.invalidLogin2@3590fc5b] output=Err Msg is Displayed]]]>
              </value>
            </param>
          </params>
          <reporter-output>
          </reporter-output>
        </test-method> <!-- postCondition -->
        <test-method is-config="true" signature="generateReport()[pri:0, instance:script.invalidLogin2@3590fc5b]" started-at="2023-06-21T13:07:19 IST" name="generateReport" finished-at="2023-06-21T13:07:21 IST" duration-ms="1226" status="PASS">
          <reporter-output>
          </reporter-output>
        </test-method> <!-- generateReport -->
      </class> <!-- script.invalidLogin2 -->
    </test> <!-- Default test -->
  </suite> <!-- Default suite -->
</testng-results>
